<?xml version="1.0" encoding="UTF-8"?>
<testsuite name="com.selenium.yatra.test.YatraTest" tests="1" skipped="0" failures="0" errors="0" timestamp="2021-06-29T11:49:16" hostname="arjun-HP-Laptop-15-bs0xx" time="12.292">
  <properties/>
  <testcase name="loginTest" classname="com.selenium.yatra.test.YatraTest" time="12.292"/>
  <system-out><![CDATA[Title:Yatra Account
SUCCESS Test
]]></system-out>
  <system-err><![CDATA[]]></system-err>
</testsuite>
