<?xml version="1.0" encoding="UTF-8"?>
<testsuite name="com.selenium.yatra.test.LoginTest" tests="1" skipped="0" failures="0" errors="0" timestamp="2021-07-01T12:34:49" hostname="arjun-HP-Laptop-15-bs0xx" time="9.189">
  <properties/>
  <testcase name="readDataFromExcelTest" classname="com.selenium.yatra.test.LoginTest" time="9.189"/>
  <system-out><![CDATA[files: java.io.FileInputStream@36dfcd8e
Sheet Name: Sheet1
FirstRow: 0LastRow: 12
Cell Data: diliprathod32@gmail.com
files: java.io.FileInputStream@65d8bad4
Sheet Name: Sheet1
FirstRow: 0LastRow: 12
Cell Data: Login@123
passwordDataFromFile: Login@123
SUCCESS Test
]]></system-out>
  <system-err><![CDATA[]]></system-err>
</testsuite>
