<?xml version="1.0" encoding="UTF-8"?>
<testsuite name="com.selenium.yatra.test.LoginTest" tests="1" skipped="0" failures="0" errors="0" timestamp="2021-07-05T07:01:25" hostname="arjun-HP-Laptop-15-bs0xx" time="11.692">
  <properties/>
  <testcase name="logOut" classname="com.selenium.yatra.test.LoginTest" time="11.692"/>
  <system-out><![CDATA[SUCCESS Test
]]></system-out>
  <system-err><![CDATA[]]></system-err>
</testsuite>
