<?xml version="1.0" encoding="UTF-8"?>
<testsuite name="com.selenium.yatra.test.LoginTest" tests="1" skipped="0" failures="0" errors="0" timestamp="2021-07-09T09:33:27" hostname="arjun-HP-Laptop-15-bs0xx" time="19.161">
  <properties/>
  <testcase name="LogInlogOutTest" classname="com.selenium.yatra.test.LoginTest" time="19.161"/>
  <system-out><![CDATA[[INFO ] 2021-07-09 15:03:27.777 [Test worker] LogClass - Mouse hovering on my account menu
[INFO ] 2021-07-09 15:03:28.080 [Test worker] LogClass - Mouseover on sign in button menu
[INFO ] 2021-07-09 15:03:28.792 [Test worker] LogClass - Clicking on signIn Button
[INFO ] 2021-07-09 15:03:40.033 [Test worker] LogClass - Entering email id
[INFO ] 2021-07-09 15:03:40.485 [Test worker] LogClass - Clicking on continue button
[INFO ] 2021-07-09 15:03:41.304 [Test worker] LogClass - Entering password
[INFO ] 2021-07-09 15:03:42.292 [Test worker] LogClass - Clicking on Login button
[INFO ] 2021-07-09 15:03:42.782 [Test worker] LogClass - Mouse hovering on my account menu
[INFO ] 2021-07-09 15:03:43.085 [Test worker] LogClass - mouse hovering on logout sub menu
[INFO ] 2021-07-09 15:03:44.927 [Test worker] LogClass - Clicking on sub menu logout
SUCCESS Test
[INFO ] 2021-07-09 15:03:47.505 [Test worker] LogClass - LogInlogOutTest :take success screenshot in ITestlistner method
]]></system-out>
  <system-err><![CDATA[]]></system-err>
</testsuite>
