<?xml version="1.0" encoding="UTF-8"?>
<testsuite name="com.selenium.yatra.test.LoginTest" tests="1" skipped="0" failures="0" errors="0" timestamp="2021-07-11T03:38:13" hostname="arjun-HP-Laptop-15-bs0xx" time="17.661">
  <properties/>
  <testcase name="LogInlogOutTest" classname="com.selenium.yatra.test.LoginTest" time="17.661"/>
  <system-out><![CDATA[[INFO ] 2021-07-11 09:08:13.542 [Test worker] LogClass - Mouse hovering on my account menu
[INFO ] 2021-07-11 09:08:13.851 [Test worker] LogClass - Mouseover on sign in button menu
[INFO ] 2021-07-11 09:08:14.674 [Test worker] LogClass - Clicking on signIn Button
[INFO ] 2021-07-11 09:08:21.718 [Test worker] LogClass - Entering email id: diliprathod32@gmail.com
[INFO ] 2021-07-11 09:08:22.199 [Test worker] LogClass - Clicking on continue button
[INFO ] 2021-07-11 09:08:23.016 [Test worker] LogClass - Entering password: Login@123
[INFO ] 2021-07-11 09:08:24.031 [Test worker] LogClass - Clicking on Login button
[INFO ] 2021-07-11 09:08:24.511 [Test worker] LogClass - Mouse hovering on my account menu
[INFO ] 2021-07-11 09:08:24.812 [Test worker] LogClass - mouse hovering on logout sub menu
[INFO ] 2021-07-11 09:08:26.833 [Test worker] LogClass - Clicking on sub menu logout
SUCCESS Test
[INFO ] 2021-07-11 09:08:31.904 [Test worker] LogClass - LogInlogOutTest :take success screenshot in ITestlistner method
]]></system-out>
  <system-err><![CDATA[]]></system-err>
</testsuite>
