<?xml version="1.0" encoding="UTF-8"?>
<testsuite name="com.selenium.yatra.test.LoginTest" tests="1" skipped="0" failures="0" errors="0" timestamp="2021-07-05T09:16:21" hostname="arjun-HP-Laptop-15-bs0xx" time="21.249">
  <properties/>
  <testcase name="loginUsingDataProviderTest[0](diliprathod32@gmail.com, Login@123)" classname="com.selenium.yatra.test.LoginTest" time="21.249"/>
  <system-out><![CDATA[SUCCESS Test
]]></system-out>
  <system-err><![CDATA[]]></system-err>
</testsuite>
