<?xml version="1.0" encoding="UTF-8"?>
<testsuite name="com.selenium.yatra.test.LoginTest" tests="1" skipped="0" failures="0" errors="0" timestamp="2021-06-30T17:13:20" hostname="arjun-HP-Laptop-15-bs0xx" time="22.867">
  <properties/>
  <testcase name="signInTest" classname="com.selenium.yatra.test.LoginTest" time="22.867"/>
  <system-out><![CDATA[SUCCESS Test
]]></system-out>
  <system-err><![CDATA[]]></system-err>
</testsuite>
