<?xml version="1.0" encoding="UTF-8"?>
<testsuite name="com.selenium.yatra.test.LoginTest" tests="3" skipped="0" failures="0" errors="0" timestamp="2021-07-07T11:31:03" hostname="arjun-HP-Laptop-15-bs0xx" time="36.492">
  <properties/>
  <testcase name="loginUsingDataProviderFromExcelFileTest[0](diliprathod32@gmail.com, Login@123)" classname="com.selenium.yatra.test.LoginTest" time="14.083"/>
  <testcase name="loginUsingDataProviderFromExcelFileTest[1](diliprathod32@gmail.com, Login@123)" classname="com.selenium.yatra.test.LoginTest" time="10.74"/>
  <testcase name="loginUsingDataProviderFromExcelFileTest[2](diliprathod32@gmail.com, Login@123)" classname="com.selenium.yatra.test.LoginTest" time="9.966"/>
  <system-out><![CDATA[number of rows: 4
number of column: 2
SUCCESS Test
_2_pass
SUCCESS Test
_2_pass
SUCCESS Test
_2_pass
]]></system-out>
  <system-err><![CDATA[]]></system-err>
</testsuite>
