<?xml version="1.0" encoding="UTF-8"?>
<testsuite name="com.selenium.yatra.test.YatraTest" tests="1" skipped="0" failures="0" errors="0" timestamp="2021-06-28T08:15:02" hostname="arjun-HP-Laptop-15-bs0xx" time="0.689">
  <properties/>
  <testcase name="yatraIconRobotTest" classname="com.selenium.yatra.test.YatraTest" time="0.689"/>
  <system-out><![CDATA[]]></system-out>
  <system-err><![CDATA[]]></system-err>
</testsuite>
