<?xml version="1.0" encoding="UTF-8"?>
<testsuite name="com.selenium.yatra.test.YatraTest" tests="1" skipped="0" failures="0" errors="0" timestamp="2021-06-29T02:43:49" hostname="arjun-HP-Laptop-15-bs0xx" time="10.358">
  <properties/>
  <testcase name="menuBarIconTest" classname="com.selenium.yatra.test.YatraTest" time="10.358"/>
  <system-out><![CDATA[]]></system-out>
  <system-err><![CDATA[]]></system-err>
</testsuite>
